0 info it worked if it ends with ok
1 verbose cli [ '/usr/bin/node', '/usr/bin/npm', 'install', '-g', 'ngrok' ]
2 info using npm@1.4.28
3 info using node@v0.10.40
4 verbose node symlink /usr/bin/node
5 verbose cache add [ 'ngrok', null ]
6 verbose cache add name=undefined spec="ngrok" args=["ngrok",null]
7 verbose parsed url { protocol: null,
7 verbose parsed url   slashes: null,
7 verbose parsed url   auth: null,
7 verbose parsed url   host: null,
7 verbose parsed url   port: null,
7 verbose parsed url   hostname: null,
7 verbose parsed url   hash: null,
7 verbose parsed url   search: null,
7 verbose parsed url   query: null,
7 verbose parsed url   pathname: 'ngrok',
7 verbose parsed url   path: 'ngrok',
7 verbose parsed url   href: 'ngrok' }
8 silly lockFile 893a9e06-ngrok ngrok
9 verbose lock ngrok /home/jshuay/.npm/893a9e06-ngrok.lock
10 silly lockFile 893a9e06-ngrok ngrok
11 silly lockFile 893a9e06-ngrok ngrok
12 verbose addNamed [ 'ngrok', '' ]
13 verbose addNamed [ null, '*' ]
14 silly lockFile ccf7dd4b-ngrok ngrok@
15 verbose lock ngrok@ /home/jshuay/.npm/ccf7dd4b-ngrok.lock
16 silly addNameRange { name: 'ngrok', range: '*', hasData: false }
17 verbose request where is /ngrok
18 verbose request registry https://registry.npmjs.org/
19 verbose request id 23ca3a4fa19e6787
20 verbose url raw /ngrok
21 verbose url resolving [ 'https://registry.npmjs.org/', './ngrok' ]
22 verbose url resolved https://registry.npmjs.org/ngrok
23 verbose request where is https://registry.npmjs.org/ngrok
24 info trying registry request attempt 1 at 03:33:34
25 verbose etag "2NECT7WKCOSM981TUONT3BEKF"
26 http GET https://registry.npmjs.org/ngrok
27 http 304 https://registry.npmjs.org/ngrok
28 silly registry.get cb [ 304,
28 silly registry.get   { date: 'Sun, 13 Sep 2015 07:33:41 GMT',
28 silly registry.get     via: '1.1 varnish',
28 silly registry.get     'cache-control': 'max-age=60',
28 silly registry.get     etag: '"2NECT7WKCOSM981TUONT3BEKF"',
28 silly registry.get     age: '19',
28 silly registry.get     connection: 'keep-alive',
28 silly registry.get     'x-served-by': 'cache-jfk1021-JFK',
28 silly registry.get     'x-cache': 'HIT',
28 silly registry.get     'x-cache-hits': '1',
28 silly registry.get     'x-timer': 'S1442129621.123489,VS0,VE0',
28 silly registry.get     vary: 'Accept' } ]
29 verbose etag https://registry.npmjs.org/ngrok from cache
30 silly addNameRange number 2 { name: 'ngrok', range: '*', hasData: true }
31 silly addNameRange versions [ 'ngrok',
31 silly addNameRange   [ '0.1.0',
31 silly addNameRange     '0.1.1',
31 silly addNameRange     '0.1.2',
31 silly addNameRange     '0.1.3',
31 silly addNameRange     '0.1.4',
31 silly addNameRange     '0.1.5',
31 silly addNameRange     '0.1.6',
31 silly addNameRange     '0.1.7',
31 silly addNameRange     '0.1.8',
31 silly addNameRange     '0.1.9',
31 silly addNameRange     '0.1.91',
31 silly addNameRange     '0.1.92',
31 silly addNameRange     '0.1.93',
31 silly addNameRange     '0.1.94',
31 silly addNameRange     '0.1.95',
31 silly addNameRange     '0.1.96',
31 silly addNameRange     '0.1.97',
31 silly addNameRange     '0.1.98',
31 silly addNameRange     '0.1.99',
31 silly addNameRange     '0.2.0',
31 silly addNameRange     '0.2.1' ] ]
32 verbose addNamed [ 'ngrok', '0.2.1' ]
33 verbose addNamed [ '0.2.1', '0.2.1' ]
34 silly lockFile f4aeb5e2-ngrok-0-2-1 ngrok@0.2.1
35 verbose lock ngrok@0.2.1 /home/jshuay/.npm/f4aeb5e2-ngrok-0-2-1.lock
36 silly lockFile f4aeb5e2-ngrok-0-2-1 ngrok@0.2.1
37 silly lockFile f4aeb5e2-ngrok-0-2-1 ngrok@0.2.1
38 silly lockFile ccf7dd4b-ngrok ngrok@
39 silly lockFile ccf7dd4b-ngrok ngrok@
40 silly resolved [ { name: 'ngrok',
40 silly resolved     version: '0.2.1',
40 silly resolved     description: 'node wrapper for ngrok',
40 silly resolved     main: 'index.js',
40 silly resolved     scripts:
40 silly resolved      { test: 'node ./node_modules/mocha/bin/_mocha',
40 silly resolved        postinstall: 'node ./postinstall.js',
40 silly resolved        postupdate: 'node ./postinstall.js' },
40 silly resolved     repository: { type: 'git', url: 'git://github.com/bubenshchykov/ngrok.git' },
40 silly resolved     keywords: [ 'ngrok', 'localhost', 'tunneling', 'localtunnel', 'webhook' ],
40 silly resolved     author: { name: 'bubenshchykov' },
40 silly resolved     license: 'BSD-2-Clause',
40 silly resolved     bugs: { url: 'https://github.com/bubenshchykov/ngrok/issues' },
40 silly resolved     devDependencies: { mocha: '~1.14.0', chai: '~1.8.1' },
40 silly resolved     dependencies:
40 silly resolved      { async: '^0.9.0',
40 silly resolved        'decompress-zip': '0.1.0',
40 silly resolved        lock: '^0.1.2',
40 silly resolved        request: '^2.55.0' },
40 silly resolved     bin: { ngrok: './bin/ngrok' },
40 silly resolved     gitHead: '82372cbdc1ba6563502df4729f10554273e18445',
40 silly resolved     homepage: 'https://github.com/bubenshchykov/ngrok',
40 silly resolved     _id: 'ngrok@0.2.1',
40 silly resolved     _shasum: '37e37cf520b6d32a7cbd6b37133a5605a448ef2c',
40 silly resolved     _from: 'ngrok@',
40 silly resolved     _npmVersion: '2.11.2',
40 silly resolved     _nodeVersion: '0.12.5',
40 silly resolved     _npmUser: { name: 'bubenshchykov', email: 'a.bubenshchykov@gmail.com' },
40 silly resolved     maintainers: [ [Object] ],
40 silly resolved     dist:
40 silly resolved      { shasum: '37e37cf520b6d32a7cbd6b37133a5605a448ef2c',
40 silly resolved        tarball: 'http://registry.npmjs.org/ngrok/-/ngrok-0.2.1.tgz' },
40 silly resolved     directories: {},
40 silly resolved     _resolved: 'https://registry.npmjs.org/ngrok/-/ngrok-0.2.1.tgz',
40 silly resolved     readme: 'ERROR: No README data found!' } ]
41 info install ngrok@0.2.1 into /usr/lib
42 info installOne ngrok@0.2.1
43 verbose lib/node_modules/ngrok unbuild
44 verbose tar unpack /home/jshuay/.npm/ngrok/0.2.1/package.tgz
45 silly lockFile d7f5284d-tar-usr-lib-node-modules-ngrok tar:///usr/lib/node_modules/ngrok
46 verbose lock tar:///usr/lib/node_modules/ngrok /home/jshuay/.npm/d7f5284d-tar-usr-lib-node-modules-ngrok.lock
47 silly lockFile f64efa90-huay-npm-ngrok-0-2-1-package-tgz tar:///home/jshuay/.npm/ngrok/0.2.1/package.tgz
48 verbose lock tar:///home/jshuay/.npm/ngrok/0.2.1/package.tgz /home/jshuay/.npm/f64efa90-huay-npm-ngrok-0-2-1-package-tgz.lock
49 silly gunzTarPerm modes [ '775', '664' ]
50 error Error: EACCES, mkdir '/usr/lib/node_modules/ngrok'
50 error  { [Error: EACCES, mkdir '/usr/lib/node_modules/ngrok']
50 error   errno: 3,
50 error   code: 'EACCES',
50 error   path: '/usr/lib/node_modules/ngrok',
50 error   fstream_type: 'Directory',
50 error   fstream_path: '/usr/lib/node_modules/ngrok',
50 error   fstream_class: 'DirWriter',
50 error   fstream_stack:
50 error    [ '/usr/lib/node_modules/npm/node_modules/fstream/lib/dir-writer.js:36:23',
50 error      '/usr/lib/node_modules/npm/node_modules/mkdirp/index.js:46:53',
50 error      'Object.oncomplete (fs.js:108:15)' ] }
51 error Please try running this command again as root/Administrator.
52 error System Linux 3.16.0-49-generic
53 error command "/usr/bin/node" "/usr/bin/npm" "install" "-g" "ngrok"
54 error cwd /home/jshuay/Documents/HOPHACKS/pinpoint
55 error node -v v0.10.40
56 error npm -v 1.4.28
57 error path /usr/lib/node_modules/ngrok
58 error fstream_path /usr/lib/node_modules/ngrok
59 error fstream_type Directory
60 error fstream_class DirWriter
61 error code EACCES
62 error errno 3
63 error stack Error: EACCES, mkdir '/usr/lib/node_modules/ngrok'
64 error fstream_stack /usr/lib/node_modules/npm/node_modules/fstream/lib/dir-writer.js:36:23
64 error fstream_stack /usr/lib/node_modules/npm/node_modules/mkdirp/index.js:46:53
64 error fstream_stack Object.oncomplete (fs.js:108:15)
65 verbose exit [ 3, true ]
